2025-11-18 11:24:49 - com.pv.trip_app.TripAppApplication - INFO - Starting TripAppApplication using Java 17.0.8 with PID 69633 (/Users/puneetvashisht/work/trainings/eclerx-spring-backend-2025/microservices/trip-app/target/classes started by puneetvashisht in /Users/puneetvashisht/work/trainings/eclerx-spring-backend-2025/microservices/trip-app)
2025-11-18 11:24:49 - com.pv.trip_app.TripAppApplication - INFO - No active profile set, falling back to 1 default profile: "default"
2025-11-18 11:24:49 - o.s.b.d.e.DevToolsPropertyDefaultsPostProcessor - INFO - Devtools property defaults active! Set 'spring.devtools.add-properties' to 'false' to disable
2025-11-18 11:24:49 - o.s.b.d.e.DevToolsPropertyDefaultsPostProcessor - INFO - For additional web related logging consider setting the 'logging.level.web' property to 'DEBUG'
2025-11-18 11:24:49 - o.s.d.r.c.RepositoryConfigurationDelegate - INFO - Bootstrapping Spring Data JPA repositories in DEFAULT mode.
2025-11-18 11:24:49 - o.s.d.r.c.RepositoryConfigurationDelegate - INFO - Finished Spring Data repository scanning in 20 ms. Found 1 JPA repository interface.
2025-11-18 11:24:49 - o.s.b.w.e.tomcat.TomcatWebServer - INFO - Tomcat initialized with port 9090 (http)
2025-11-18 11:24:49 - o.a.catalina.core.StandardService - INFO - Starting service [Tomcat]
2025-11-18 11:24:49 - o.a.catalina.core.StandardEngine - INFO - Starting Servlet engine: [Apache Tomcat/10.1.48]
2025-11-18 11:24:49 - o.a.c.c.C.[Tomcat].[localhost].[/] - INFO - Initializing Spring embedded WebApplicationContext
2025-11-18 11:24:49 - o.s.b.w.s.c.ServletWebServerApplicationContext - INFO - Root WebApplicationContext: initialization completed in 600 ms
2025-11-18 11:24:49 - o.h.jpa.internal.util.LogHelper - INFO - HHH000204: Processing PersistenceUnitInfo [name: default]
2025-11-18 11:24:49 - org.hibernate.Version - INFO - HHH000412: Hibernate ORM core version 6.6.33.Final
2025-11-18 11:24:49 - o.h.c.i.RegionFactoryInitiator - INFO - HHH000026: Second-level cache disabled
2025-11-18 11:24:49 - o.s.o.j.p.SpringPersistenceUnitInfo - INFO - No LoadTimeWeaver setup: ignoring JPA class transformer
2025-11-18 11:24:49 - com.zaxxer.hikari.HikariDataSource - INFO - HikariPool-1 - Starting...
2025-11-18 11:24:50 - com.zaxxer.hikari.pool.HikariPool - INFO - HikariPool-1 - Added connection org.postgresql.jdbc.PgConnection@781c55cc
2025-11-18 11:24:50 - com.zaxxer.hikari.HikariDataSource - INFO - HikariPool-1 - Start completed.
2025-11-18 11:24:50 - o.hibernate.orm.connections.pooling - INFO - HHH10001005: Database info:
	Database JDBC URL [Connecting through datasource 'HikariDataSource (HikariPool-1)']
	Database driver: undefined/unknown
	Database version: 17.5
	Autocommit mode: undefined/unknown
	Isolation level: undefined/unknown
	Minimum pool size: undefined/unknown
	Maximum pool size: undefined/unknown
2025-11-18 11:24:50 - o.h.e.t.j.p.i.JtaPlatformInitiator - INFO - HHH000489: No JTA platform available (set 'hibernate.transaction.jta.platform' to enable JTA platform integration)
2025-11-18 11:24:50 - o.s.o.j.LocalContainerEntityManagerFactoryBean - INFO - Initialized JPA EntityManagerFactory for persistence unit 'default'
2025-11-18 11:24:50 - o.s.b.a.o.j.JpaBaseConfiguration$JpaWebConfiguration - WARN - spring.jpa.open-in-view is enabled by default. Therefore, database queries may be performed during view rendering. Explicitly configure spring.jpa.open-in-view to disable this warning
2025-11-18 11:24:50 - o.s.b.d.a.OptionalLiveReloadServer - INFO - LiveReload server is running on port 35729
2025-11-18 11:24:50 - o.s.b.w.e.tomcat.TomcatWebServer - INFO - Tomcat started on port 9090 (http) with context path '/'
2025-11-18 11:24:50 - com.pv.trip_app.TripAppApplication - INFO - Started TripAppApplication in 2.003 seconds (process running for 2.236)
2025-11-18 11:26:34 - o.a.c.c.C.[Tomcat].[localhost].[/] - INFO - Initializing Spring DispatcherServlet 'dispatcherServlet'
2025-11-18 11:26:34 - o.s.web.servlet.DispatcherServlet - INFO - Initializing Servlet 'dispatcherServlet'
2025-11-18 11:26:34 - o.s.web.servlet.DispatcherServlet - INFO - Completed initialization in 1 ms
2025-11-18 11:27:36 - o.s.b.d.a.LocalDevToolsAutoConfiguration$RestartingClassPathChangeChangedEventListener - INFO - Restarting due to 1 class path change (0 additions, 0 deletions, 1 modification)
2025-11-18 11:27:36 - o.s.b.w.e.tomcat.GracefulShutdown - INFO - Commencing graceful shutdown. Waiting for active requests to complete
2025-11-18 11:27:36 - o.s.b.w.e.tomcat.GracefulShutdown - INFO - Graceful shutdown complete
2025-11-18 11:27:36 - o.s.o.j.LocalContainerEntityManagerFactoryBean - INFO - Closing JPA EntityManagerFactory for persistence unit 'default'
2025-11-18 11:27:36 - com.zaxxer.hikari.HikariDataSource - INFO - HikariPool-1 - Shutdown initiated...
2025-11-18 11:27:36 - com.zaxxer.hikari.HikariDataSource - INFO - HikariPool-1 - Shutdown completed.
2025-11-18 11:27:36 - com.pv.trip_app.TripAppApplication - INFO - Starting TripAppApplication using Java 17.0.8 with PID 69633 (/Users/puneetvashisht/work/trainings/eclerx-spring-backend-2025/microservices/trip-app/target/classes started by puneetvashisht in /Users/puneetvashisht/work/trainings/eclerx-spring-backend-2025/microservices/trip-app)
2025-11-18 11:27:36 - com.pv.trip_app.TripAppApplication - INFO - No active profile set, falling back to 1 default profile: "default"
2025-11-18 11:27:36 - o.s.d.r.c.RepositoryConfigurationDelegate - INFO - Bootstrapping Spring Data JPA repositories in DEFAULT mode.
2025-11-18 11:27:36 - o.s.d.r.c.RepositoryConfigurationDelegate - INFO - Finished Spring Data repository scanning in 2 ms. Found 1 JPA repository interface.
2025-11-18 11:27:36 - o.s.b.w.e.tomcat.TomcatWebServer - INFO - Tomcat initialized with port 9090 (http)
2025-11-18 11:27:36 - o.a.catalina.core.StandardService - INFO - Starting service [Tomcat]
2025-11-18 11:27:36 - o.a.catalina.core.StandardEngine - INFO - Starting Servlet engine: [Apache Tomcat/10.1.48]
2025-11-18 11:27:36 - o.a.c.c.C.[Tomcat].[localhost].[/] - INFO - Initializing Spring embedded WebApplicationContext
2025-11-18 11:27:36 - o.s.b.w.s.c.ServletWebServerApplicationContext - INFO - Root WebApplicationContext: initialization completed in 95 ms
2025-11-18 11:27:36 - o.h.jpa.internal.util.LogHelper - INFO - HHH000204: Processing PersistenceUnitInfo [name: default]
2025-11-18 11:27:36 - o.h.c.i.RegionFactoryInitiator - INFO - HHH000026: Second-level cache disabled
2025-11-18 11:27:36 - o.s.o.j.p.SpringPersistenceUnitInfo - INFO - No LoadTimeWeaver setup: ignoring JPA class transformer
2025-11-18 11:27:36 - com.zaxxer.hikari.HikariDataSource - INFO - HikariPool-2 - Starting...
2025-11-18 11:27:36 - com.zaxxer.hikari.pool.HikariPool - INFO - HikariPool-2 - Added connection org.postgresql.jdbc.PgConnection@6dd9bbf
2025-11-18 11:27:36 - com.zaxxer.hikari.HikariDataSource - INFO - HikariPool-2 - Start completed.
2025-11-18 11:27:36 - o.hibernate.orm.connections.pooling - INFO - HHH10001005: Database info:
	Database JDBC URL [Connecting through datasource 'HikariDataSource (HikariPool-2)']
	Database driver: undefined/unknown
	Database version: 17.5
	Autocommit mode: undefined/unknown
	Isolation level: undefined/unknown
	Minimum pool size: undefined/unknown
	Maximum pool size: undefined/unknown
2025-11-18 11:27:36 - o.h.e.t.j.p.i.JtaPlatformInitiator - INFO - HHH000489: No JTA platform available (set 'hibernate.transaction.jta.platform' to enable JTA platform integration)
2025-11-18 11:27:36 - o.s.o.j.LocalContainerEntityManagerFactoryBean - INFO - Initialized JPA EntityManagerFactory for persistence unit 'default'
2025-11-18 11:27:36 - o.s.b.a.o.j.JpaBaseConfiguration$JpaWebConfiguration - WARN - spring.jpa.open-in-view is enabled by default. Therefore, database queries may be performed during view rendering. Explicitly configure spring.jpa.open-in-view to disable this warning
2025-11-18 11:27:36 - o.s.b.d.a.OptionalLiveReloadServer - INFO - LiveReload server is running on port 35729
2025-11-18 11:27:36 - o.s.b.w.e.tomcat.TomcatWebServer - INFO - Tomcat started on port 9090 (http) with context path '/'
2025-11-18 11:27:36 - com.pv.trip_app.TripAppApplication - INFO - Started TripAppApplication in 0.233 seconds (process running for 168.201)
2025-11-18 11:27:36 - o.s.b.d.a.ConditionEvaluationDeltaLoggingListener - INFO - Condition evaluation unchanged
2025-11-18 11:27:39 - o.a.c.c.C.[Tomcat].[localhost].[/] - INFO - Initializing Spring DispatcherServlet 'dispatcherServlet'
2025-11-18 11:27:39 - o.s.web.servlet.DispatcherServlet - INFO - Initializing Servlet 'dispatcherServlet'
2025-11-18 11:27:39 - o.s.web.servlet.DispatcherServlet - INFO - Completed initialization in 1 ms
2025-11-18 11:28:19 - o.s.b.d.a.LocalDevToolsAutoConfiguration$RestartingClassPathChangeChangedEventListener - INFO - Restarting due to 1 class path change (0 additions, 0 deletions, 1 modification)
2025-11-18 11:28:19 - o.s.b.w.e.tomcat.GracefulShutdown - INFO - Commencing graceful shutdown. Waiting for active requests to complete
2025-11-18 11:28:19 - o.s.b.w.e.tomcat.GracefulShutdown - INFO - Graceful shutdown complete
2025-11-18 11:28:19 - o.s.o.j.LocalContainerEntityManagerFactoryBean - INFO - Closing JPA EntityManagerFactory for persistence unit 'default'
2025-11-18 11:28:19 - com.zaxxer.hikari.HikariDataSource - INFO - HikariPool-2 - Shutdown initiated...
2025-11-18 11:28:19 - com.zaxxer.hikari.HikariDataSource - INFO - HikariPool-2 - Shutdown completed.
2025-11-18 11:28:19 - com.pv.trip_app.TripAppApplication - INFO - Starting TripAppApplication using Java 17.0.8 with PID 69633 (/Users/puneetvashisht/work/trainings/eclerx-spring-backend-2025/microservices/trip-app/target/classes started by puneetvashisht in /Users/puneetvashisht/work/trainings/eclerx-spring-backend-2025/microservices/trip-app)
2025-11-18 11:28:19 - com.pv.trip_app.TripAppApplication - INFO - No active profile set, falling back to 1 default profile: "default"
2025-11-18 11:28:19 - o.s.d.r.c.RepositoryConfigurationDelegate - INFO - Bootstrapping Spring Data JPA repositories in DEFAULT mode.
2025-11-18 11:28:19 - o.s.d.r.c.RepositoryConfigurationDelegate - INFO - Finished Spring Data repository scanning in 1 ms. Found 1 JPA repository interface.
2025-11-18 11:28:19 - o.s.b.w.e.tomcat.TomcatWebServer - INFO - Tomcat initialized with port 9090 (http)
2025-11-18 11:28:19 - o.a.catalina.core.StandardService - INFO - Starting service [Tomcat]
2025-11-18 11:28:19 - o.a.catalina.core.StandardEngine - INFO - Starting Servlet engine: [Apache Tomcat/10.1.48]
2025-11-18 11:28:19 - o.a.c.c.C.[Tomcat].[localhost].[/] - INFO - Initializing Spring embedded WebApplicationContext
2025-11-18 11:28:19 - o.s.b.w.s.c.ServletWebServerApplicationContext - INFO - Root WebApplicationContext: initialization completed in 83 ms
2025-11-18 11:28:19 - o.h.jpa.internal.util.LogHelper - INFO - HHH000204: Processing PersistenceUnitInfo [name: default]
2025-11-18 11:28:19 - o.h.c.i.RegionFactoryInitiator - INFO - HHH000026: Second-level cache disabled
2025-11-18 11:28:19 - o.s.o.j.p.SpringPersistenceUnitInfo - INFO - No LoadTimeWeaver setup: ignoring JPA class transformer
2025-11-18 11:28:19 - com.zaxxer.hikari.HikariDataSource - INFO - HikariPool-3 - Starting...
2025-11-18 11:28:19 - com.zaxxer.hikari.pool.HikariPool - INFO - HikariPool-3 - Added connection org.postgresql.jdbc.PgConnection@7483061
2025-11-18 11:28:19 - com.zaxxer.hikari.HikariDataSource - INFO - HikariPool-3 - Start completed.
2025-11-18 11:28:19 - o.hibernate.orm.connections.pooling - INFO - HHH10001005: Database info:
	Database JDBC URL [Connecting through datasource 'HikariDataSource (HikariPool-3)']
	Database driver: undefined/unknown
	Database version: 17.5
	Autocommit mode: undefined/unknown
	Isolation level: undefined/unknown
	Minimum pool size: undefined/unknown
	Maximum pool size: undefined/unknown
2025-11-18 11:28:19 - o.h.e.t.j.p.i.JtaPlatformInitiator - INFO - HHH000489: No JTA platform available (set 'hibernate.transaction.jta.platform' to enable JTA platform integration)
2025-11-18 11:28:19 - o.s.o.j.LocalContainerEntityManagerFactoryBean - INFO - Initialized JPA EntityManagerFactory for persistence unit 'default'
2025-11-18 11:28:19 - o.s.b.a.o.j.JpaBaseConfiguration$JpaWebConfiguration - WARN - spring.jpa.open-in-view is enabled by default. Therefore, database queries may be performed during view rendering. Explicitly configure spring.jpa.open-in-view to disable this warning
2025-11-18 11:28:19 - o.s.b.d.a.OptionalLiveReloadServer - INFO - LiveReload server is running on port 35729
2025-11-18 11:28:19 - o.s.b.w.e.tomcat.TomcatWebServer - INFO - Tomcat started on port 9090 (http) with context path '/'
2025-11-18 11:28:19 - com.pv.trip_app.TripAppApplication - INFO - Started TripAppApplication in 0.245 seconds (process running for 211.234)
2025-11-18 11:28:19 - o.s.b.d.a.ConditionEvaluationDeltaLoggingListener - INFO - Condition evaluation unchanged
2025-11-18 11:28:21 - o.s.b.d.a.LocalDevToolsAutoConfiguration$RestartingClassPathChangeChangedEventListener - INFO - Restarting due to 1 class path change (0 additions, 0 deletions, 1 modification)
2025-11-18 11:28:21 - o.s.b.w.e.tomcat.GracefulShutdown - INFO - Commencing graceful shutdown. Waiting for active requests to complete
2025-11-18 11:28:21 - o.s.b.w.e.tomcat.GracefulShutdown - INFO - Graceful shutdown complete
2025-11-18 11:28:21 - o.s.o.j.LocalContainerEntityManagerFactoryBean - INFO - Closing JPA EntityManagerFactory for persistence unit 'default'
2025-11-18 11:28:21 - com.zaxxer.hikari.HikariDataSource - INFO - HikariPool-3 - Shutdown initiated...
2025-11-18 11:28:21 - com.zaxxer.hikari.HikariDataSource - INFO - HikariPool-3 - Shutdown completed.
2025-11-18 11:28:21 - com.pv.trip_app.TripAppApplication - INFO - Starting TripAppApplication using Java 17.0.8 with PID 69633 (/Users/puneetvashisht/work/trainings/eclerx-spring-backend-2025/microservices/trip-app/target/classes started by puneetvashisht in /Users/puneetvashisht/work/trainings/eclerx-spring-backend-2025/microservices/trip-app)
2025-11-18 11:28:21 - com.pv.trip_app.TripAppApplication - INFO - No active profile set, falling back to 1 default profile: "default"
2025-11-18 11:28:21 - o.s.d.r.c.RepositoryConfigurationDelegate - INFO - Bootstrapping Spring Data JPA repositories in DEFAULT mode.
2025-11-18 11:28:21 - o.s.d.r.c.RepositoryConfigurationDelegate - INFO - Finished Spring Data repository scanning in 2 ms. Found 1 JPA repository interface.
2025-11-18 11:28:21 - o.s.b.w.e.tomcat.TomcatWebServer - INFO - Tomcat initialized with port 9090 (http)
2025-11-18 11:28:21 - o.a.catalina.core.StandardService - INFO - Starting service [Tomcat]
2025-11-18 11:28:21 - o.a.catalina.core.StandardEngine - INFO - Starting Servlet engine: [Apache Tomcat/10.1.48]
2025-11-18 11:28:21 - o.a.c.c.C.[Tomcat].[localhost].[/] - INFO - Initializing Spring embedded WebApplicationContext
2025-11-18 11:28:21 - o.s.b.w.s.c.ServletWebServerApplicationContext - INFO - Root WebApplicationContext: initialization completed in 224 ms
2025-11-18 11:28:21 - o.h.jpa.internal.util.LogHelper - INFO - HHH000204: Processing PersistenceUnitInfo [name: default]
2025-11-18 11:28:21 - o.h.c.i.RegionFactoryInitiator - INFO - HHH000026: Second-level cache disabled
2025-11-18 11:28:21 - o.s.o.j.p.SpringPersistenceUnitInfo - INFO - No LoadTimeWeaver setup: ignoring JPA class transformer
2025-11-18 11:28:21 - com.zaxxer.hikari.HikariDataSource - INFO - HikariPool-4 - Starting...
2025-11-18 11:28:21 - com.zaxxer.hikari.pool.HikariPool - INFO - HikariPool-4 - Added connection org.postgresql.jdbc.PgConnection@203e3b78
2025-11-18 11:28:21 - com.zaxxer.hikari.HikariDataSource - INFO - HikariPool-4 - Start completed.
2025-11-18 11:28:21 - o.hibernate.orm.connections.pooling - INFO - HHH10001005: Database info:
	Database JDBC URL [Connecting through datasource 'HikariDataSource (HikariPool-4)']
	Database driver: undefined/unknown
	Database version: 17.5
	Autocommit mode: undefined/unknown
	Isolation level: undefined/unknown
	Minimum pool size: undefined/unknown
	Maximum pool size: undefined/unknown
2025-11-18 11:28:21 - o.h.e.t.j.p.i.JtaPlatformInitiator - INFO - HHH000489: No JTA platform available (set 'hibernate.transaction.jta.platform' to enable JTA platform integration)
2025-11-18 11:28:21 - o.s.o.j.LocalContainerEntityManagerFactoryBean - INFO - Initialized JPA EntityManagerFactory for persistence unit 'default'
2025-11-18 11:28:21 - o.s.b.a.o.j.JpaBaseConfiguration$JpaWebConfiguration - WARN - spring.jpa.open-in-view is enabled by default. Therefore, database queries may be performed during view rendering. Explicitly configure spring.jpa.open-in-view to disable this warning
2025-11-18 11:28:21 - o.s.b.d.a.OptionalLiveReloadServer - INFO - LiveReload server is running on port 35729
2025-11-18 11:28:21 - o.s.b.w.e.tomcat.TomcatWebServer - INFO - Tomcat started on port 9090 (http) with context path '/'
2025-11-18 11:28:21 - com.pv.trip_app.TripAppApplication - INFO - Started TripAppApplication in 0.369 seconds (process running for 213.055)
2025-11-18 11:28:21 - o.s.b.d.a.ConditionEvaluationDeltaLoggingListener - INFO - Condition evaluation unchanged
2025-11-18 11:28:39 - o.a.c.c.C.[Tomcat].[localhost].[/] - INFO - Initializing Spring DispatcherServlet 'dispatcherServlet'
2025-11-18 11:28:39 - o.s.web.servlet.DispatcherServlet - INFO - Initializing Servlet 'dispatcherServlet'
2025-11-18 11:28:39 - o.s.web.servlet.DispatcherServlet - INFO - Completed initialization in 0 ms
